<?xml version="1.0" encoding="UTF-8" ?>
<testsuite tests="10" failures="0" name="TestsUnitaires" time="0.031" errors="0" skipped="0">
  <properties>
[...]
</properties>
  <testcase classname="TestsUnitaires" name="testTempSun" time="0.015"/>
  <testcase classname="TestsUnitaires" name="testTimer" time="0"/>
  <testcase classname="TestsUnitaires" name="testCity" time="0"/>
  <testcase classname="TestsUnitaires" name="testDate" time="0.016"/>
  <testcase classname="TestsUnitaires" name="testTemp" time="0"/>
  <testcase classname="TestsUnitaires" name="testTempDouble" time="0"/>
  <testcase classname="TestsUnitaires" name="testCountry" time="0"/>
  <testcase classname="TestsUnitaires" name="teststateCity" time="0"/>
  <testcase classname="TestsUnitaires" name="testApiKey" time="0"/>
  <testcase classname="TestsUnitaires" name="teststateRefresh" time="0"/>
</testsuite>